<?xml version="1.0" encoding="UTF-8"?>
<!-- Generated by org.testng.reporters.JUnitXMLReporter -->
<testsuite ignored="0" hostname="LAPTOP-TUN1U03P" failures="0" tests="3" name="Add Customer Test" time="10.601" errors="0" timestamp="05 Oct 2024 16:14:05 GMT">
  <testcase classname="testcases.AddCustomerTest" name="addCustomer" time="3.792"/>
  <testcase classname="testcases.AddCustomerTest" name="addCustomer" time="3.38"/>
  <testcase classname="testcases.AddCustomerTest" name="addCustomer" time="3.41"/>
</testsuite> <!-- Add Customer Test -->
