<?xml version="1.0" encoding="UTF-8"?>
<!-- Generated by org.testng.reporters.JUnitXMLReporter -->
<testsuite ignored="0" hostname="IZLAP2023-074" failures="1" tests="2" name="Bank Manager Login Test" time="0.037" errors="0" timestamp="07 Jan 2025 09:09:40 GMT">
  <testcase classname="base.BaseTest" name="@BeforeSuite setUp" time="0.046">
    <failure type="java.lang.NullPointerException" message="Cannot invoke &amp;quot;com.aventstack.extentreports.ExtentTest.info(String)&amp;quot; because &amp;quot;extentlisteners.ExtentListeners.test&amp;quot; is null">
      <![CDATA[java.lang.NullPointerException: Cannot invoke "com.aventstack.extentreports.ExtentTest.info(String)" because "extentlisteners.ExtentListeners.test" is null
at base.BaseTest.setUp(BaseTest.java:168)
... Removed 18 stack frames]]>
    </failure>
  </testcase> <!-- @BeforeSuite setUp -->
  <testcase classname="testcases.BankManagerLoginTest" name="loginAsBankManager" time="0.0">
    <skipped/>
  </testcase> <!-- loginAsBankManager -->
  <testcase classname="testcases.BankManagerLoginTest" name="loginAsBankManager" time="0.02">
    <failure type="java.lang.NullPointerException" message="Cannot invoke &amp;quot;com.aventstack.extentreports.ExtentTest.skip(com.aventstack.extentreports.markuputils.Markup)&amp;quot; because &amp;quot;extentlisteners.ExtentListeners.test&amp;quot; is null">
      <![CDATA[java.lang.NullPointerException: Cannot invoke "com.aventstack.extentreports.ExtentTest.skip(com.aventstack.extentreports.markuputils.Markup)" because "extentlisteners.ExtentListeners.test" is null
at extentlisteners.ExtentListeners.onTestSkipped(ExtentListeners.java:87)
... Removed 23 stack frames]]>
    </failure>
  </testcase> <!-- loginAsBankManager -->
</testsuite> <!-- Bank Manager Login Test -->
