<?xml version="1.0" encoding="UTF-8"?>
<testng-results ignored="0" total="4" passed="4" failed="0" skipped="0">
  <reporter-output>
  </reporter-output>
  <suite started-at="2024-10-05T16:13:54Z" name="Learning TestNG" finished-at="2024-10-05T16:14:05Z" duration-ms="11257">
    <groups>
    </groups>
    <test started-at="2024-10-05T16:13:54Z" name="Bank Manager Login Test" finished-at="2024-10-05T16:13:54Z" duration-ms="240">
      <class name="testcases.BankManagerLoginTest">
        <test-method signature="loginAsBankManager()[pri:0, instance:testcases.BankManagerLoginTest@88a8218]" started-at="2024-10-05T16:13:54Z" name="loginAsBankManager" finished-at="2024-10-05T16:13:54Z" duration-ms="212" status="PASS">
          <reporter-output>
          </reporter-output>
        </test-method> <!-- loginAsBankManager -->
      </class> <!-- testcases.BankManagerLoginTest -->
    </test> <!-- Bank Manager Login Test -->
    <test started-at="2024-10-05T16:13:55Z" name="Add Customer Test" finished-at="2024-10-05T16:14:05Z" duration-ms="10601">
      <class name="testcases.AddCustomerTest">
        <test-method is-config="true" signature="setUp()[pri:0, instance:testcases.AddCustomerTest@1f9d6c7b]" started-at="2024-10-05T16:13:49Z" name="setUp" finished-at="2024-10-05T16:13:54Z" duration-ms="5169" status="PASS">
          <reporter-output>
          </reporter-output>
        </test-method> <!-- setUp -->
        <test-method signature="addCustomer(java.lang.String, java.lang.String, java.lang.String)[pri:0, instance:testcases.AddCustomerTest@1f9d6c7b]" started-at="2024-10-05T16:13:55Z" name="addCustomer" data-provider="dp" finished-at="2024-10-05T16:13:58Z" duration-ms="3792" status="PASS">
          <params>
            <param index="0">
              <value>
                <![CDATA[Rahul]]>
              </value>
            </param>
            <param index="1">
              <value>
                <![CDATA[Arora]]>
              </value>
            </param>
            <param index="2">
              <value>
                <![CDATA[A23342]]>
              </value>
            </param>
          </params>
          <reporter-output>
          </reporter-output>
        </test-method> <!-- addCustomer -->
        <test-method signature="addCustomer(java.lang.String, java.lang.String, java.lang.String)[pri:0, instance:testcases.AddCustomerTest@1f9d6c7b]" started-at="2024-10-05T16:13:58Z" name="addCustomer" data-provider="dp" finished-at="2024-10-05T16:14:02Z" duration-ms="3380" status="PASS">
          <params>
            <param index="0">
              <value>
                <![CDATA[Cory]]>
              </value>
            </param>
            <param index="1">
              <value>
                <![CDATA[Paul]]>
              </value>
            </param>
            <param index="2">
              <value>
                <![CDATA[W3432]]>
              </value>
            </param>
          </params>
          <reporter-output>
          </reporter-output>
        </test-method> <!-- addCustomer -->
        <test-method signature="addCustomer(java.lang.String, java.lang.String, java.lang.String)[pri:0, instance:testcases.AddCustomerTest@1f9d6c7b]" started-at="2024-10-05T16:14:02Z" name="addCustomer" data-provider="dp" finished-at="2024-10-05T16:14:05Z" duration-ms="3410" status="PASS">
          <params>
            <param index="0">
              <value>
                <![CDATA[Abhigya]]>
              </value>
            </param>
            <param index="1">
              <value>
                <![CDATA[Jha]]>
              </value>
            </param>
            <param index="2">
              <value>
                <![CDATA[W2324]]>
              </value>
            </param>
          </params>
          <reporter-output>
          </reporter-output>
        </test-method> <!-- addCustomer -->
        <test-method is-config="true" signature="tearDown()[pri:0, instance:testcases.AddCustomerTest@1f9d6c7b]" started-at="2024-10-05T16:14:05Z" name="tearDown" finished-at="2024-10-05T16:14:06Z" duration-ms="360" status="PASS">
          <reporter-output>
          </reporter-output>
        </test-method> <!-- tearDown -->
      </class> <!-- testcases.AddCustomerTest -->
    </test> <!-- Add Customer Test -->
  </suite> <!-- Learning TestNG -->
</testng-results>
