<?xml version="1.0" encoding="UTF-8"?>
<testsuite name="TestSuite" time="4.011" tests="4" errors="0" skipped="0" failures="0">
  <properties>
[...]
</properties>
  <testcase name="loginAsBankManager" classname="testcases.BankManagerLoginTest" time="0.22"/>
  <testcase name="addCustomer" classname="testcases.AddCustomerTest" time="3.791"/>
  <testcase name="addCustomer" classname="testcases.AddCustomerTest" time="3.38"/>
  <testcase name="addCustomer" classname="testcases.AddCustomerTest" time="3.41"/>
</testsuite>